app/build/intermediates/manifest_merge_blame_file/debug/processDebugMainManifest/manifest-merger-blame-debug-report.txt
1<?xml version="1.0" encoding="utf-8"?>
2<manifest xmlns:android="http://schemas.android.com/apk/res/android"
3    package="com.alertyai.app"
4    android:versionCode="1"
5    android:versionName="1.0.0" >
6
7    <uses-sdk
8        android:minSdkVersion="26"
9        android:targetSdkVersion="35" />
10
11    <uses-permission android:name="android.permission.POST_NOTIFICATIONS" />
11-->src\main\AndroidManifest.xml:5:5-77
11-->src\main\AndroidManifest.xml:5:22-74
12    <uses-permission android:name="android.permission.SCHEDULE_EXACT_ALARM" />
12-->src\main\AndroidManifest.xml:6:5-79
12-->src\main\AndroidManifest.xml:6:22-76
13    <uses-permission android:name="android.permission.USE_EXACT_ALARM" />
13-->src\main\AndroidManifest.xml:7:5-74
13-->src\main\AndroidManifest.xml:7:22-71
14    <uses-permission android:name="android.permission.CAMERA" />
14-->src\main\AndroidManifest.xml:8:5-65
14-->src\main\AndroidManifest.xml:8:22-62
15    <uses-permission android:name="android.permission.RECEIVE_BOOT_COMPLETED" />
15-->src\main\AndroidManifest.xml:9:5-81
15-->src\main\AndroidManifest.xml:9:22-78
16    <uses-permission android:name="android.permission.INTERNET" />
16-->src\main\AndroidManifest.xml:10:5-67
16-->src\main\AndroidManifest.xml:10:22-64
17    <uses-permission android:name="android.permission.RECORD_AUDIO" />
17-->src\main\AndroidManifest.xml:11:5-71
17-->src\main\AndroidManifest.xml:11:22-68
18    <uses-permission android:name="android.permission.READ_MEDIA_IMAGES" />
18-->src\main\AndroidManifest.xml:12:5-76
18-->src\main\AndroidManifest.xml:12:22-73
19    <uses-permission
19-->src\main\AndroidManifest.xml:13:5-107
20        android:name="android.permission.READ_EXTERNAL_STORAGE"
20-->src\main\AndroidManifest.xml:13:22-77
21        android:maxSdkVersion="32" />
21-->src\main\AndroidManifest.xml:13:78-104
22    <uses-permission android:name="android.permission.WAKE_LOCK" />
22-->[androidx.work:work-runtime:2.9.1] AndroidManifest.xml:23:5-68
22-->[androidx.work:work-runtime:2.9.1] AndroidManifest.xml:23:22-65
23    <uses-permission android:name="android.permission.ACCESS_NETWORK_STATE" />
23-->[androidx.work:work-runtime:2.9.1] AndroidManifest.xml:24:5-79
23-->[androidx.work:work-runtime:2.9.1] AndroidManifest.xml:24:22-76
24    <uses-permission android:name="android.permission.FOREGROUND_SERVICE" />
24-->[androidx.work:work-runtime:2.9.1] AndroidManifest.xml:26:5-77
24-->[androidx.work:work-runtime:2.9.1] AndroidManifest.xml:26:22-74
25
26    <permission
26-->[androidx.core:core:1.13.1] AndroidManifest.xml:22:5-24:47
27        android:name="com.alertyai.app.DYNAMIC_RECEIVER_NOT_EXPORTED_PERMISSION"
27-->[androidx.core:core:1.13.1] AndroidManifest.xml:23:9-81
28        android:protectionLevel="signature" />
28-->[androidx.core:core:1.13.1] AndroidManifest.xml:24:9-44
29
30    <uses-permission android:name="com.alertyai.app.DYNAMIC_RECEIVER_NOT_EXPORTED_PERMISSION" />
30-->[androidx.core:core:1.13.1] AndroidManifest.xml:26:5-97
30-->[androidx.core:core:1.13.1] AndroidManifest.xml:26:22-94
31
32    <application
32-->src\main\AndroidManifest.xml:15:5-52:19
33        android:name="com.alertyai.app.AlertyAIApp"
33-->src\main\AndroidManifest.xml:16:9-36
34        android:allowBackup="true"
34-->src\main\AndroidManifest.xml:17:9-35
35        android:appComponentFactory="androidx.core.app.CoreComponentFactory"
35-->[androidx.core:core:1.13.1] AndroidManifest.xml:28:18-86
36        android:debuggable="true"
37        android:extractNativeLibs="false"
38        android:icon="@mipmap/ic_launcher"
38-->src\main\AndroidManifest.xml:18:9-43
39        android:label="@string/app_name"
39-->src\main\AndroidManifest.xml:19:9-41
40        android:networkSecurityConfig="@xml/network_security_config"
40-->src\main\AndroidManifest.xml:23:9-69
41        android:roundIcon="@mipmap/ic_launcher_round"
41-->src\main\AndroidManifest.xml:20:9-54
42        android:supportsRtl="true"
42-->src\main\AndroidManifest.xml:21:9-35
43        android:theme="@style/Theme.AlertyAI" >
43-->src\main\AndroidManifest.xml:22:9-46
44        <activity
44-->src\main\AndroidManifest.xml:25:9-33:20
45            android:name="com.alertyai.app.MainActivity"
45-->src\main\AndroidManifest.xml:26:13-41
46            android:exported="true"
46-->src\main\AndroidManifest.xml:27:13-36
47            android:windowSoftInputMode="adjustResize" >
47-->src\main\AndroidManifest.xml:28:13-55
48            <intent-filter>
48-->src\main\AndroidManifest.xml:29:13-32:29
49                <action android:name="android.intent.action.MAIN" />
49-->src\main\AndroidManifest.xml:30:17-69
49-->src\main\AndroidManifest.xml:30:25-66
50
51                <category android:name="android.intent.category.LAUNCHER" />
51-->src\main\AndroidManifest.xml:31:17-77
51-->src\main\AndroidManifest.xml:31:27-74
52            </intent-filter>
53        </activity>
54
55        <!-- Alarm receiver for local reminders -->
56        <receiver
56-->src\main\AndroidManifest.xml:36:9-43:20
57            android:name="com.alertyai.app.util.AlarmReceiver"
57-->src\main\AndroidManifest.xml:37:13-47
58            android:exported="false" >
58-->src\main\AndroidManifest.xml:38:13-37
59            <intent-filter>
59-->src\main\AndroidManifest.xml:39:13-42:29
60                <action android:name="com.alertyai.ALARM_ACTION" />
60-->src\main\AndroidManifest.xml:40:17-68
60-->src\main\AndroidManifest.xml:40:25-65
61                <action android:name="android.intent.action.BOOT_COMPLETED" />
61-->src\main\AndroidManifest.xml:41:17-79
61-->src\main\AndroidManifest.xml:41:25-76
62            </intent-filter>
63        </receiver>
64
65        <!-- Disable WorkManager auto-init (we init manually via Hilt) -->
66        <provider
67            android:name="androidx.startup.InitializationProvider"
67-->src\main\AndroidManifest.xml:47:13-67
68            android:authorities="com.alertyai.app.androidx-startup"
68-->src\main\AndroidManifest.xml:48:13-68
69            android:exported="false" >
69-->src\main\AndroidManifest.xml:49:13-37
70            <meta-data
70-->[androidx.work:work-runtime:2.9.1] AndroidManifest.xml:34:13-36:52
71                android:name="androidx.work.WorkManagerInitializer"
71-->[androidx.work:work-runtime:2.9.1] AndroidManifest.xml:35:17-68
72                android:value="androidx.startup" />
72-->[androidx.work:work-runtime:2.9.1] AndroidManifest.xml:36:17-49
73            <meta-data
73-->[androidx.emoji2:emoji2:1.3.0] AndroidManifest.xml:29:13-31:52
74                android:name="androidx.emoji2.text.EmojiCompatInitializer"
74-->[androidx.emoji2:emoji2:1.3.0] AndroidManifest.xml:30:17-75
75                android:value="androidx.startup" />
75-->[androidx.emoji2:emoji2:1.3.0] AndroidManifest.xml:31:17-49
76            <meta-data
76-->[androidx.lifecycle:lifecycle-process:2.8.5] AndroidManifest.xml:29:13-31:52
77                android:name="androidx.lifecycle.ProcessLifecycleInitializer"
77-->[androidx.lifecycle:lifecycle-process:2.8.5] AndroidManifest.xml:30:17-78
78                android:value="androidx.startup" />
78-->[androidx.lifecycle:lifecycle-process:2.8.5] AndroidManifest.xml:31:17-49
79            <meta-data
79-->[androidx.profileinstaller:profileinstaller:1.3.1] AndroidManifest.xml:29:13-31:52
80                android:name="androidx.profileinstaller.ProfileInstallerInitializer"
80-->[androidx.profileinstaller:profileinstaller:1.3.1] AndroidManifest.xml:30:17-85
81                android:value="androidx.startup" />
81-->[androidx.profileinstaller:profileinstaller:1.3.1] AndroidManifest.xml:31:17-49
82        </provider>
83
84        <service
84-->[com.google.android.gms:play-services-mlkit-text-recognition-common:19.1.0] AndroidManifest.xml:9:9-15:19
85            android:name="com.google.mlkit.common.internal.MlKitComponentDiscoveryService"
85-->[com.google.android.gms:play-services-mlkit-text-recognition-common:19.1.0] AndroidManifest.xml:10:13-91
86            android:directBootAware="true"
86-->[com.google.mlkit:common:18.11.0] AndroidManifest.xml:17:13-43
87            android:exported="false" >
87-->[com.google.android.gms:play-services-mlkit-text-recognition-common:19.1.0] AndroidManifest.xml:11:13-37
88            <meta-data
88-->[com.google.android.gms:play-services-mlkit-text-recognition-common:19.1.0] AndroidManifest.xml:12:13-14:85
89                android:name="com.google.firebase.components:com.google.mlkit.vision.text.internal.TextRegistrar"
89-->[com.google.android.gms:play-services-mlkit-text-recognition-common:19.1.0] AndroidManifest.xml:13:17-114
90                android:value="com.google.firebase.components.ComponentRegistrar" />
90-->[com.google.android.gms:play-services-mlkit-text-recognition-common:19.1.0] AndroidManifest.xml:14:17-82
91            <meta-data
91-->[com.google.mlkit:vision-common:17.3.0] AndroidManifest.xml:12:13-14:85
92                android:name="com.google.firebase.components:com.google.mlkit.vision.common.internal.VisionCommonRegistrar"
92-->[com.google.mlkit:vision-common:17.3.0] AndroidManifest.xml:13:17-124
93                android:value="com.google.firebase.components.ComponentRegistrar" />
93-->[com.google.mlkit:vision-common:17.3.0] AndroidManifest.xml:14:17-82
94            <meta-data
94-->[com.google.mlkit:common:18.11.0] AndroidManifest.xml:20:13-22:85
95                android:name="com.google.firebase.components:com.google.mlkit.common.internal.CommonComponentRegistrar"
95-->[com.google.mlkit:common:18.11.0] AndroidManifest.xml:21:17-120
96                android:value="com.google.firebase.components.ComponentRegistrar" />
96-->[com.google.mlkit:common:18.11.0] AndroidManifest.xml:22:17-82
97        </service>
98
99        <provider
99-->[com.google.mlkit:common:18.11.0] AndroidManifest.xml:9:9-13:38
100            android:name="com.google.mlkit.common.internal.MlKitInitProvider"
100-->[com.google.mlkit:common:18.11.0] AndroidManifest.xml:10:13-78
101            android:authorities="com.alertyai.app.mlkitinitprovider"
101-->[com.google.mlkit:common:18.11.0] AndroidManifest.xml:11:13-69
102            android:exported="false"
102-->[com.google.mlkit:common:18.11.0] AndroidManifest.xml:12:13-37
103            android:initOrder="99" />
103-->[com.google.mlkit:common:18.11.0] AndroidManifest.xml:13:13-35
104
105        <service
105-->[androidx.credentials:credentials-play-services-auth:1.3.0-beta01] AndroidManifest.xml:24:9-32:19
106            android:name="androidx.credentials.playservices.CredentialProviderMetadataHolder"
106-->[androidx.credentials:credentials-play-services-auth:1.3.0-beta01] AndroidManifest.xml:25:13-94
107            android:enabled="true"
107-->[androidx.credentials:credentials-play-services-auth:1.3.0-beta01] AndroidManifest.xml:26:13-35
108            android:exported="false" >
108-->[androidx.credentials:credentials-play-services-auth:1.3.0-beta01] AndroidManifest.xml:27:13-37
109            <meta-data
109-->[androidx.credentials:credentials-play-services-auth:1.3.0-beta01] AndroidManifest.xml:29:13-31:104
110                android:name="androidx.credentials.CREDENTIAL_PROVIDER_KEY"
110-->[androidx.credentials:credentials-play-services-auth:1.3.0-beta01] AndroidManifest.xml:30:17-76
111                android:value="androidx.credentials.playservices.CredentialProviderPlayServicesImpl" />
111-->[androidx.credentials:credentials-play-services-auth:1.3.0-beta01] AndroidManifest.xml:31:17-101
112        </service>
113
114        <activity
114-->[androidx.credentials:credentials-play-services-auth:1.3.0-beta01] AndroidManifest.xml:34:9-41:20
115            android:name="androidx.credentials.playservices.HiddenActivity"
115-->[androidx.credentials:credentials-play-services-auth:1.3.0-beta01] AndroidManifest.xml:35:13-76
116            android:configChanges="orientation|screenSize|screenLayout|keyboardHidden"
116-->[androidx.credentials:credentials-play-services-auth:1.3.0-beta01] AndroidManifest.xml:36:13-87
117            android:enabled="true"
117-->[androidx.credentials:credentials-play-services-auth:1.3.0-beta01] AndroidManifest.xml:37:13-35
118            android:exported="false"
118-->[androidx.credentials:credentials-play-services-auth:1.3.0-beta01] AndroidManifest.xml:38:13-37
119            android:fitsSystemWindows="true"
119-->[androidx.credentials:credentials-play-services-auth:1.3.0-beta01] AndroidManifest.xml:39:13-45
120            android:theme="@style/Theme.Hidden" >
120-->[androidx.credentials:credentials-play-services-auth:1.3.0-beta01] AndroidManifest.xml:40:13-48
121        </activity>
122        <activity
122-->[com.google.android.gms:play-services-auth:21.1.1] AndroidManifest.xml:23:9-27:75
123            android:name="com.google.android.gms.auth.api.signin.internal.SignInHubActivity"
123-->[com.google.android.gms:play-services-auth:21.1.1] AndroidManifest.xml:24:13-93
124            android:excludeFromRecents="true"
124-->[com.google.android.gms:play-services-auth:21.1.1] AndroidManifest.xml:25:13-46
125            android:exported="false"
125-->[com.google.android.gms:play-services-auth:21.1.1] AndroidManifest.xml:26:13-37
126            android:theme="@android:style/Theme.Translucent.NoTitleBar" />
126-->[com.google.android.gms:play-services-auth:21.1.1] AndroidManifest.xml:27:13-72
127        <!--
128            Service handling Google Sign-In user revocation. For apps that do not integrate with
129            Google Sign-In, this service will never be started.
130        -->
131        <service
131-->[com.google.android.gms:play-services-auth:21.1.1] AndroidManifest.xml:33:9-37:51
132            android:name="com.google.android.gms.auth.api.signin.RevocationBoundService"
132-->[com.google.android.gms:play-services-auth:21.1.1] AndroidManifest.xml:34:13-89
133            android:exported="true"
133-->[com.google.android.gms:play-services-auth:21.1.1] AndroidManifest.xml:35:13-36
134            android:permission="com.google.android.gms.auth.api.signin.permission.REVOCATION_NOTIFICATION"
134-->[com.google.android.gms:play-services-auth:21.1.1] AndroidManifest.xml:36:13-107
135            android:visibleToInstantApps="true" />
135-->[com.google.android.gms:play-services-auth:21.1.1] AndroidManifest.xml:37:13-48
136
137        <activity
137-->[com.google.android.gms:play-services-base:18.5.0] AndroidManifest.xml:5:9-173
138            android:name="com.google.android.gms.common.api.GoogleApiActivity"
138-->[com.google.android.gms:play-services-base:18.5.0] AndroidManifest.xml:5:19-85
139            android:exported="false"
139-->[com.google.android.gms:play-services-base:18.5.0] AndroidManifest.xml:5:146-170
140            android:theme="@android:style/Theme.Translucent.NoTitleBar" />
140-->[com.google.android.gms:play-services-base:18.5.0] AndroidManifest.xml:5:86-145
141
142        <meta-data
142-->[com.google.android.gms:play-services-basement:18.4.0] AndroidManifest.xml:6:9-122
143            android:name="com.google.android.gms.version"
143-->[com.google.android.gms:play-services-basement:18.4.0] AndroidManifest.xml:6:20-65
144            android:value="@integer/google_play_services_version" />
144-->[com.google.android.gms:play-services-basement:18.4.0] AndroidManifest.xml:6:66-119
145
146        <service
146-->[androidx.work:work-runtime:2.9.1] AndroidManifest.xml:39:9-45:35
147            android:name="androidx.work.impl.background.systemalarm.SystemAlarmService"
147-->[androidx.work:work-runtime:2.9.1] AndroidManifest.xml:40:13-88
148            android:directBootAware="false"
148-->[androidx.work:work-runtime:2.9.1] AndroidManifest.xml:41:13-44
149            android:enabled="@bool/enable_system_alarm_service_default"
149-->[androidx.work:work-runtime:2.9.1] AndroidManifest.xml:42:13-72
150            android:exported="false" />
150-->[androidx.work:work-runtime:2.9.1] AndroidManifest.xml:43:13-37
151        <service
151-->[androidx.work:work-runtime:2.9.1] AndroidManifest.xml:46:9-52:35
152            android:name="androidx.work.impl.background.systemjob.SystemJobService"
152-->[androidx.work:work-runtime:2.9.1] AndroidManifest.xml:47:13-84
153            android:directBootAware="false"
153-->[androidx.work:work-runtime:2.9.1] AndroidManifest.xml:48:13-44
154            android:enabled="@bool/enable_system_job_service_default"
154-->[androidx.work:work-runtime:2.9.1] AndroidManifest.xml:49:13-70
155            android:exported="true"
155-->[androidx.work:work-runtime:2.9.1] AndroidManifest.xml:50:13-36
156            android:permission="android.permission.BIND_JOB_SERVICE" />
156-->[androidx.work:work-runtime:2.9.1] AndroidManifest.xml:51:13-69
157        <service
157-->[androidx.work:work-runtime:2.9.1] AndroidManifest.xml:53:9-59:35
158            android:name="androidx.work.impl.foreground.SystemForegroundService"
158-->[androidx.work:work-runtime:2.9.1] AndroidManifest.xml:54:13-81
159            android:directBootAware="false"
159-->[androidx.work:work-runtime:2.9.1] AndroidManifest.xml:55:13-44
160            android:enabled="@bool/enable_system_foreground_service_default"
160-->[androidx.work:work-runtime:2.9.1] AndroidManifest.xml:56:13-77
161            android:exported="false" />
161-->[androidx.work:work-runtime:2.9.1] AndroidManifest.xml:57:13-37
162
163        <receiver
163-->[androidx.work:work-runtime:2.9.1] AndroidManifest.xml:61:9-66:35
164            android:name="androidx.work.impl.utils.ForceStopRunnable$BroadcastReceiver"
164-->[androidx.work:work-runtime:2.9.1] AndroidManifest.xml:62:13-88
165            android:directBootAware="false"
165-->[androidx.work:work-runtime:2.9.1] AndroidManifest.xml:63:13-44
166            android:enabled="true"
166-->[androidx.work:work-runtime:2.9.1] AndroidManifest.xml:64:13-35
167            android:exported="false" />
167-->[androidx.work:work-runtime:2.9.1] AndroidManifest.xml:65:13-37
168        <receiver
168-->[androidx.work:work-runtime:2.9.1] AndroidManifest.xml:67:9-77:20
169            android:name="androidx.work.impl.background.systemalarm.ConstraintProxy$BatteryChargingProxy"
169-->[androidx.work:work-runtime:2.9.1] AndroidManifest.xml:68:13-106
170            android:directBootAware="false"
170-->[androidx.work:work-runtime:2.9.1] AndroidManifest.xml:69:13-44
171            android:enabled="false"
171-->[androidx.work:work-runtime:2.9.1] AndroidManifest.xml:70:13-36
172            android:exported="false" >
172-->[androidx.work:work-runtime:2.9.1] AndroidManifest.xml:71:13-37
173            <intent-filter>
173-->[androidx.work:work-runtime:2.9.1] AndroidManifest.xml:73:13-76:29
174                <action android:name="android.intent.action.ACTION_POWER_CONNECTED" />
174-->[androidx.work:work-runtime:2.9.1] AndroidManifest.xml:74:17-87
174-->[androidx.work:work-runtime:2.9.1] AndroidManifest.xml:74:25-84
175                <action android:name="android.intent.action.ACTION_POWER_DISCONNECTED" />
175-->[androidx.work:work-runtime:2.9.1] AndroidManifest.xml:75:17-90
175-->[androidx.work:work-runtime:2.9.1] AndroidManifest.xml:75:25-87
176            </intent-filter>
177        </receiver>
178        <receiver
178-->[androidx.work:work-runtime:2.9.1] AndroidManifest.xml:78:9-88:20
179            android:name="androidx.work.impl.background.systemalarm.ConstraintProxy$BatteryNotLowProxy"
179-->[androidx.work:work-runtime:2.9.1] AndroidManifest.xml:79:13-104
180            android:directBootAware="false"
180-->[androidx.work:work-runtime:2.9.1] AndroidManifest.xml:80:13-44
181            android:enabled="false"
181-->[androidx.work:work-runtime:2.9.1] AndroidManifest.xml:81:13-36
182            android:exported="false" >
182-->[androidx.work:work-runtime:2.9.1] AndroidManifest.xml:82:13-37
183            <intent-filter>
183-->[androidx.work:work-runtime:2.9.1] AndroidManifest.xml:84:13-87:29
184                <action android:name="android.intent.action.BATTERY_OKAY" />
184-->[androidx.work:work-runtime:2.9.1] AndroidManifest.xml:85:17-77
184-->[androidx.work:work-runtime:2.9.1] AndroidManifest.xml:85:25-74
185                <action android:name="android.intent.action.BATTERY_LOW" />
185-->[androidx.work:work-runtime:2.9.1] AndroidManifest.xml:86:17-76
185-->[androidx.work:work-runtime:2.9.1] AndroidManifest.xml:86:25-73
186            </intent-filter>
187        </receiver>
188        <receiver
188-->[androidx.work:work-runtime:2.9.1] AndroidManifest.xml:89:9-99:20
189            android:name="androidx.work.impl.background.systemalarm.ConstraintProxy$StorageNotLowProxy"
189-->[androidx.work:work-runtime:2.9.1] AndroidManifest.xml:90:13-104
190            android:directBootAware="false"
190-->[androidx.work:work-runtime:2.9.1] AndroidManifest.xml:91:13-44
191            android:enabled="false"
191-->[androidx.work:work-runtime:2.9.1] AndroidManifest.xml:92:13-36
192            android:exported="false" >
192-->[androidx.work:work-runtime:2.9.1] AndroidManifest.xml:93:13-37
193            <intent-filter>
193-->[androidx.work:work-runtime:2.9.1] AndroidManifest.xml:95:13-98:29
194                <action android:name="android.intent.action.DEVICE_STORAGE_LOW" />
194-->[androidx.work:work-runtime:2.9.1] AndroidManifest.xml:96:17-83
194-->[androidx.work:work-runtime:2.9.1] AndroidManifest.xml:96:25-80
195                <action android:name="android.intent.action.DEVICE_STORAGE_OK" />
195-->[androidx.work:work-runtime:2.9.1] AndroidManifest.xml:97:17-82
195-->[androidx.work:work-runtime:2.9.1] AndroidManifest.xml:97:25-79
196            </intent-filter>
197        </receiver>
198        <receiver
198-->[androidx.work:work-runtime:2.9.1] AndroidManifest.xml:100:9-109:20
199            android:name="androidx.work.impl.background.systemalarm.ConstraintProxy$NetworkStateProxy"
199-->[androidx.work:work-runtime:2.9.1] AndroidManifest.xml:101:13-103
200            android:directBootAware="false"
200-->[androidx.work:work-runtime:2.9.1] AndroidManifest.xml:102:13-44
201            android:enabled="false"
201-->[androidx.work:work-runtime:2.9.1] AndroidManifest.xml:103:13-36
202            android:exported="false" >
202-->[androidx.work:work-runtime:2.9.1] AndroidManifest.xml:104:13-37
203            <intent-filter>
203-->[androidx.work:work-runtime:2.9.1] AndroidManifest.xml:106:13-108:29
204                <action android:name="android.net.conn.CONNECTIVITY_CHANGE" />
204-->[androidx.work:work-runtime:2.9.1] AndroidManifest.xml:107:17-79
204-->[androidx.work:work-runtime:2.9.1] AndroidManifest.xml:107:25-76
205            </intent-filter>
206        </receiver>
207        <receiver
207-->[androidx.work:work-runtime:2.9.1] AndroidManifest.xml:110:9-121:20
208            android:name="androidx.work.impl.background.systemalarm.RescheduleReceiver"
208-->[androidx.work:work-runtime:2.9.1] AndroidManifest.xml:111:13-88
209            android:directBootAware="false"
209-->[androidx.work:work-runtime:2.9.1] AndroidManifest.xml:112:13-44
210            android:enabled="false"
210-->[androidx.work:work-runtime:2.9.1] AndroidManifest.xml:113:13-36
211            android:exported="false" >
211-->[androidx.work:work-runtime:2.9.1] AndroidManifest.xml:114:13-37
212            <intent-filter>
212-->[androidx.work:work-runtime:2.9.1] AndroidManifest.xml:116:13-120:29
213                <action android:name="android.intent.action.BOOT_COMPLETED" />
213-->src\main\AndroidManifest.xml:41:17-79
213-->src\main\AndroidManifest.xml:41:25-76
214                <action android:name="android.intent.action.TIME_SET" />
214-->[androidx.work:work-runtime:2.9.1] AndroidManifest.xml:118:17-73
214-->[androidx.work:work-runtime:2.9.1] AndroidManifest.xml:118:25-70
215                <action android:name="android.intent.action.TIMEZONE_CHANGED" />
215-->[androidx.work:work-runtime:2.9.1] AndroidManifest.xml:119:17-81
215-->[androidx.work:work-runtime:2.9.1] AndroidManifest.xml:119:25-78
216            </intent-filter>
217        </receiver>
218        <receiver
218-->[androidx.work:work-runtime:2.9.1] AndroidManifest.xml:122:9-131:20
219            android:name="androidx.work.impl.background.systemalarm.ConstraintProxyUpdateReceiver"
219-->[androidx.work:work-runtime:2.9.1] AndroidManifest.xml:123:13-99
220            android:directBootAware="false"
220-->[androidx.work:work-runtime:2.9.1] AndroidManifest.xml:124:13-44
221            android:enabled="@bool/enable_system_alarm_service_default"
221-->[androidx.work:work-runtime:2.9.1] AndroidManifest.xml:125:13-72
222            android:exported="false" >
222-->[androidx.work:work-runtime:2.9.1] AndroidManifest.xml:126:13-37
223            <intent-filter>
223-->[androidx.work:work-runtime:2.9.1] AndroidManifest.xml:128:13-130:29
224                <action android:name="androidx.work.impl.background.systemalarm.UpdateProxies" />
224-->[androidx.work:work-runtime:2.9.1] AndroidManifest.xml:129:17-98
224-->[androidx.work:work-runtime:2.9.1] AndroidManifest.xml:129:25-95
225            </intent-filter>
226        </receiver>
227        <receiver
227-->[androidx.work:work-runtime:2.9.1] AndroidManifest.xml:132:9-142:20
228            android:name="androidx.work.impl.diagnostics.DiagnosticsReceiver"
228-->[androidx.work:work-runtime:2.9.1] AndroidManifest.xml:133:13-78
229            android:directBootAware="false"
229-->[androidx.work:work-runtime:2.9.1] AndroidManifest.xml:134:13-44
230            android:enabled="true"
230-->[androidx.work:work-runtime:2.9.1] AndroidManifest.xml:135:13-35
231            android:exported="true"
231-->[androidx.work:work-runtime:2.9.1] AndroidManifest.xml:136:13-36
232            android:permission="android.permission.DUMP" >
232-->[androidx.work:work-runtime:2.9.1] AndroidManifest.xml:137:13-57
233            <intent-filter>
233-->[androidx.work:work-runtime:2.9.1] AndroidManifest.xml:139:13-141:29
234                <action android:name="androidx.work.diagnostics.REQUEST_DIAGNOSTICS" />
234-->[androidx.work:work-runtime:2.9.1] AndroidManifest.xml:140:17-88
234-->[androidx.work:work-runtime:2.9.1] AndroidManifest.xml:140:25-85
235            </intent-filter>
236        </receiver>
237
238        <activity
238-->[androidx.compose.ui:ui-tooling-android:1.7.2] AndroidManifest.xml:23:9-25:39
239            android:name="androidx.compose.ui.tooling.PreviewActivity"
239-->[androidx.compose.ui:ui-tooling-android:1.7.2] AndroidManifest.xml:24:13-71
240            android:exported="true" />
240-->[androidx.compose.ui:ui-tooling-android:1.7.2] AndroidManifest.xml:25:13-36
241
242        <service
242-->[androidx.room:room-runtime:2.6.1] AndroidManifest.xml:24:9-28:63
243            android:name="androidx.room.MultiInstanceInvalidationService"
243-->[androidx.room:room-runtime:2.6.1] AndroidManifest.xml:25:13-74
244            android:directBootAware="true"
244-->[androidx.room:room-runtime:2.6.1] AndroidManifest.xml:26:13-43
245            android:exported="false" />
245-->[androidx.room:room-runtime:2.6.1] AndroidManifest.xml:27:13-37
246        <service
246-->[com.google.android.datatransport:transport-backend-cct:2.3.3] AndroidManifest.xml:29:9-35:19
247            android:name="com.google.android.datatransport.runtime.backends.TransportBackendDiscovery"
247-->[com.google.android.datatransport:transport-backend-cct:2.3.3] AndroidManifest.xml:30:13-103
248            android:exported="false" >
248-->[com.google.android.datatransport:transport-backend-cct:2.3.3] AndroidManifest.xml:31:13-37
249            <meta-data
249-->[com.google.android.datatransport:transport-backend-cct:2.3.3] AndroidManifest.xml:32:13-34:39
250                android:name="backend:com.google.android.datatransport.cct.CctBackendFactory"
250-->[com.google.android.datatransport:transport-backend-cct:2.3.3] AndroidManifest.xml:33:17-94
251                android:value="cct" />
251-->[com.google.android.datatransport:transport-backend-cct:2.3.3] AndroidManifest.xml:34:17-36
252        </service>
253        <service
253-->[com.google.android.datatransport:transport-runtime:2.2.6] AndroidManifest.xml:26:9-30:19
254            android:name="com.google.android.datatransport.runtime.scheduling.jobscheduling.JobInfoSchedulerService"
254-->[com.google.android.datatransport:transport-runtime:2.2.6] AndroidManifest.xml:27:13-117
255            android:exported="false"
255-->[com.google.android.datatransport:transport-runtime:2.2.6] AndroidManifest.xml:28:13-37
256            android:permission="android.permission.BIND_JOB_SERVICE" >
256-->[com.google.android.datatransport:transport-runtime:2.2.6] AndroidManifest.xml:29:13-69
257        </service>
258
259        <receiver
259-->[com.google.android.datatransport:transport-runtime:2.2.6] AndroidManifest.xml:32:9-34:40
260            android:name="com.google.android.datatransport.runtime.scheduling.jobscheduling.AlarmManagerSchedulerBroadcastReceiver"
260-->[com.google.android.datatransport:transport-runtime:2.2.6] AndroidManifest.xml:33:13-132
261            android:exported="false" />
261-->[com.google.android.datatransport:transport-runtime:2.2.6] AndroidManifest.xml:34:13-37
262        <receiver
262-->[androidx.profileinstaller:profileinstaller:1.3.1] AndroidManifest.xml:34:9-52:20
263            android:name="androidx.profileinstaller.ProfileInstallReceiver"
263-->[androidx.profileinstaller:profileinstaller:1.3.1] AndroidManifest.xml:35:13-76
264            android:directBootAware="false"
264-->[androidx.profileinstaller:profileinstaller:1.3.1] AndroidManifest.xml:36:13-44
265            android:enabled="true"
265-->[androidx.profileinstaller:profileinstaller:1.3.1] AndroidManifest.xml:37:13-35
266            android:exported="true"
266-->[androidx.profileinstaller:profileinstaller:1.3.1] AndroidManifest.xml:38:13-36
267            android:permission="android.permission.DUMP" >
267-->[androidx.profileinstaller:profileinstaller:1.3.1] AndroidManifest.xml:39:13-57
268            <intent-filter>
268-->[androidx.profileinstaller:profileinstaller:1.3.1] AndroidManifest.xml:40:13-42:29
269                <action android:name="androidx.profileinstaller.action.INSTALL_PROFILE" />